Using pre-set license
Built from '2021.1/staging' branch; Version is '2021.1.2f1 (e5d502d80fbb) revision 15062274'; Using compiler version '192528614'; Build Type 'Release'
OS: 'Windows 10 Enterprise; OS build 18363.1556; Version 1909; 64bit' Language: 'en' Physical Memory: 32509 MB
BatchMode: 1, IsHumanControllingUs: 0, StartBugReporterOnCrash: 0, Is64bit: 1, IsPro: 0

 COMMAND LINE ARGUMENTS:
C:\Program Files\Unity\Hub\Editor\2021.1.2f1\Editor\Unity.exe
-adb2
-batchMode
-noUpm
-name
AssetImportWorker0
-projectPath
C:/Users/patt41/Desktop/Stuff/Projects/LetsGo
-logFile
Logs/AssetImportWorker0.log
-srvPort
57915
Successfully changed project path to: C:/Users/patt41/Desktop/Stuff/Projects/LetsGo
C:/Users/patt41/Desktop/Stuff/Projects/LetsGo
Using Asset Import Pipeline V2.
Refreshing native plugins compatible for Editor in 31.86 ms, found 0 plugins.
Preloading 0 native plugins for Editor in 0.00 ms.
Initialize engine version: 2021.1.2f1 (e5d502d80fbb)
[Subsystems] Discovering subsystems at path C:/Program Files/Unity/Hub/Editor/2021.1.2f1/Editor/Data/Resources/UnitySubsystems
[Subsystems] Discovering subsystems at path C:/Users/patt41/Desktop/Stuff/Projects/LetsGo/Assets
GfxDevice: creating device client; threaded=0; jobified=0
Direct3D:
    Version:  Direct3D 11.0 [level 11.1]
    Renderer: NVIDIA Quadro T1000 (ID=0x1fb9)
    Vendor:   NVIDIA
    VRAM:     3965 MB
    Driver:   27.21.14.5241
Initialize mono
Mono path[0] = 'C:/Program Files/Unity/Hub/Editor/2021.1.2f1/Editor/Data/Managed'
Mono path[1] = 'C:/Program Files/Unity/Hub/Editor/2021.1.2f1/Editor/Data/MonoBleedingEdge/lib/mono/unityjit'
Mono config path = 'C:/Program Files/Unity/Hub/Editor/2021.1.2f1/Editor/Data/MonoBleedingEdge/etc'
Using monoOptions --debugger-agent=transport=dt_socket,embedding=1,server=y,suspend=n,address=127.0.0.1:56040
Begin MonoManager ReloadAssembly
Registering precompiled unity dll's ...
Register platform support module: C:/Program Files/Unity/Hub/Editor/2021.1.2f1/Editor/Data/PlaybackEngines/WebGLSupport/UnityEditor.WebGL.Extensions.dll
Register platform support module: C:/Program Files/Unity/Hub/Editor/2021.1.2f1/Editor/Data/PlaybackEngines/WindowsStandaloneSupport/UnityEditor.WindowsStandalone.Extensions.dll
Registered in 0.001907 seconds.
Native extension for WindowsStandalone target not found
Native extension for WebGL target not found
Refreshing native plugins compatible for Editor in 27.02 ms, found 0 plugins.
Preloading 0 native plugins for Editor in 0.00 ms.
Mono: successfully reloaded assembly
- Completed reload, in  1.237 seconds
Platform modules already initialized, skipping
Registering precompiled user dll's ...
Registered in 0.001910 seconds.
Begin MonoManager ReloadAssembly
Native extension for WindowsStandalone target not found
Native extension for WebGL target not found
Refreshing native plugins compatible for Editor in 0.32 ms, found 0 plugins.
Preloading 0 native plugins for Editor in 0.00 ms.
Mono: successfully reloaded assembly
- Completed reload, in  0.758 seconds
Platform modules already initialized, skipping
========================================================================
Worker process is ready to serve import requests
Launched and connected shader compiler UnityShaderCompiler.exe after 0.03 seconds
Refreshing native plugins compatible for Editor in 0.34 ms, found 0 plugins.
Preloading 0 native plugins for Editor in 0.00 ms.
Unloading 1371 Unused Serialized files (Serialized files now loaded: 0)
System memory in use before: 67.4 MB.
System memory in use after: 67.4 MB.

Unloading 32 unused Assets to reduce memory usage. Loaded Objects now: 1819.
Total: 1.931800 ms (FindLiveObjects: 0.122800 ms CreateObjectMapping: 0.060900 ms MarkObjects: 1.621600 ms  DeleteObjects: 0.125900 ms)

========================================================================
Received Import Request.
  path: Assets/Materials/Wireframe.shader
  artifactKey: Guid(c723b170c7eb19c478db4c411767b076) Importer(815301076,1909f56bfc062723c751e8b465ee728b)
Start importing Assets/Materials/Wireframe.shader using Guid(c723b170c7eb19c478db4c411767b076) Importer(815301076,1909f56bfc062723c751e8b465ee728b)  -> (artifact id: '51efc401969519f1c0b2194e618b39c7') in 0.019735 seconds 
========================================================================
Received Import Request.
  Time since last request: 0.562465 seconds.
  path: Assets/Materials/WireframeShader.shader
  artifactKey: Guid(c723b170c7eb19c478db4c411767b076) Importer(815301076,1909f56bfc062723c751e8b465ee728b)
Start importing Assets/Materials/WireframeShader.shader using Guid(c723b170c7eb19c478db4c411767b076) Importer(815301076,1909f56bfc062723c751e8b465ee728b)  -> (artifact id: '5028a406ead194fe224dd642a239a80f') in 0.002363 seconds 
========================================================================
Received Import Request.
  Time since last request: 1.225922 seconds.
  path: Assets/Materials/WireframeMAT.mat
  artifactKey: Guid(c04dffd98f7ac4c469f6dcb81595b373) Importer(815301076,1909f56bfc062723c751e8b465ee728b)
Start importing Assets/Materials/WireframeMAT.mat using Guid(c04dffd98f7ac4c469f6dcb81595b373) Importer(815301076,1909f56bfc062723c751e8b465ee728b)  -> (artifact id: '01b8acba5d2e56d087106c55d71a05a2') in 0.064217 seconds 
